androidApp/build/intermediates/manifest_merge_blame_file/debug/manifest-merger-blame-debug-report.txt
1<?xml version="1.0" encoding="utf-8"?>
2<manifest xmlns:android="http://schemas.android.com/apk/res/android"
3    package="com.example.pruebakmm.android"
4    android:versionCode="1"
5    android:versionName="1.0" >
6
7    <uses-sdk
8        android:minSdkVersion="26"
8-->src/main/AndroidManifest.xml
9        android:targetSdkVersion="31" />
9-->src/main/AndroidManifest.xml
10
11    <uses-permission android:name="android.permission.INTERNET" />
11-->[:shared] AndroidManifest.xml:9:5-67
11-->[:shared] AndroidManifest.xml:9:22-64
12
13    <application
13-->src/main/AndroidManifest.xml:5:5-17:19
14        android:allowBackup="false"
14-->src/main/AndroidManifest.xml:6:9-36
15        android:appComponentFactory="androidx.core.app.CoreComponentFactory"
15-->[androidx.core:core:1.5.0] AndroidManifest.xml:24:18-86
16        android:debuggable="true"
17        android:extractNativeLibs="false"
18        android:supportsRtl="true"
18-->src/main/AndroidManifest.xml:7:9-35
19        android:testOnly="true"
20        android:theme="@style/AppTheme" >
20-->src/main/AndroidManifest.xml:8:9-40
21        <activity
21-->src/main/AndroidManifest.xml:9:9-16:20
22            android:name="com.example.pruebakmm.android.MainActivity"
22-->src/main/AndroidManifest.xml:10:13-41
23            android:exported="true" >
23-->src/main/AndroidManifest.xml:11:13-36
24            <intent-filter>
24-->src/main/AndroidManifest.xml:12:13-15:29
25                <action android:name="android.intent.action.MAIN" />
25-->src/main/AndroidManifest.xml:13:17-69
25-->src/main/AndroidManifest.xml:13:25-66
26
27                <category android:name="android.intent.category.LAUNCHER" />
27-->src/main/AndroidManifest.xml:14:17-77
27-->src/main/AndroidManifest.xml:14:27-74
28            </intent-filter>
29        </activity>
30    </application>
31
32</manifest>